[0.841s] Invoking command in '/home/mcr2/uros_ws/src/pid_control': PYTHONPATH=/home/mcr2/uros_ws/src/pid_control/build/pid_control/prefix_override:/usr/lib/python3/dist-packages/colcon_core/task/python/colcon_distutils_commands:/home/mcr2/uros_ws/src/pid_control/install/pid_control/lib/python3.10/site-packages:${PYTHONPATH} /usr/bin/python3 -W ignore:setup.py install is deprecated -W ignore:easy_install command is deprecated setup.py egg_info --egg-base build/pid_control build --build-base /home/mcr2/uros_ws/src/pid_control/build/pid_control/build install --record /home/mcr2/uros_ws/src/pid_control/build/pid_control/install.log --single-version-externally-managed install_data
[1.073s] running egg_info
[1.074s] creating build/pid_control/pid_control.egg-info
[1.075s] writing build/pid_control/pid_control.egg-info/PKG-INFO
[1.075s] writing dependency_links to build/pid_control/pid_control.egg-info/dependency_links.txt
[1.075s] writing entry points to build/pid_control/pid_control.egg-info/entry_points.txt
[1.075s] writing requirements to build/pid_control/pid_control.egg-info/requires.txt
[1.075s] writing top-level names to build/pid_control/pid_control.egg-info/top_level.txt
[1.076s] writing manifest file 'build/pid_control/pid_control.egg-info/SOURCES.txt'
[1.076s] reading manifest file 'build/pid_control/pid_control.egg-info/SOURCES.txt'
[1.077s] writing manifest file 'build/pid_control/pid_control.egg-info/SOURCES.txt'
[1.077s] running build
[1.077s] running build_py
[1.077s] creating /home/mcr2/uros_ws/src/pid_control/build/pid_control/build
[1.077s] creating /home/mcr2/uros_ws/src/pid_control/build/pid_control/build/lib
[1.077s] creating /home/mcr2/uros_ws/src/pid_control/build/pid_control/build/lib/pid_control
[1.078s] copying pid_control/input.py -> /home/mcr2/uros_ws/src/pid_control/build/pid_control/build/lib/pid_control
[1.078s] copying pid_control/__init__.py -> /home/mcr2/uros_ws/src/pid_control/build/pid_control/build/lib/pid_control
[1.078s] running install
[1.078s] running install_lib
[1.079s] creating /home/mcr2/uros_ws/src/pid_control/install/pid_control/lib/python3.10/site-packages/pid_control
[1.079s] copying /home/mcr2/uros_ws/src/pid_control/build/pid_control/build/lib/pid_control/input.py -> /home/mcr2/uros_ws/src/pid_control/install/pid_control/lib/python3.10/site-packages/pid_control
[1.079s] copying /home/mcr2/uros_ws/src/pid_control/build/pid_control/build/lib/pid_control/__init__.py -> /home/mcr2/uros_ws/src/pid_control/install/pid_control/lib/python3.10/site-packages/pid_control
[1.080s] byte-compiling /home/mcr2/uros_ws/src/pid_control/install/pid_control/lib/python3.10/site-packages/pid_control/input.py to input.cpython-310.pyc
[1.081s] byte-compiling /home/mcr2/uros_ws/src/pid_control/install/pid_control/lib/python3.10/site-packages/pid_control/__init__.py to __init__.cpython-310.pyc
[1.082s] running install_data
[1.082s] creating /home/mcr2/uros_ws/src/pid_control/install/pid_control/share/ament_index
[1.082s] creating /home/mcr2/uros_ws/src/pid_control/install/pid_control/share/ament_index/resource_index
[1.082s] creating /home/mcr2/uros_ws/src/pid_control/install/pid_control/share/ament_index/resource_index/packages
[1.082s] copying resource/pid_control -> /home/mcr2/uros_ws/src/pid_control/install/pid_control/share/ament_index/resource_index/packages
[1.082s] copying package.xml -> /home/mcr2/uros_ws/src/pid_control/install/pid_control/share/pid_control
[1.082s] creating /home/mcr2/uros_ws/src/pid_control/install/pid_control/share/pid_control/config
[1.083s] copying config/control_param.yaml -> /home/mcr2/uros_ws/src/pid_control/install/pid_control/share/pid_control/config
[1.083s] creating /home/mcr2/uros_ws/src/pid_control/install/pid_control/share/pid_control/launch
[1.083s] copying launch/pid_control_launch.py -> /home/mcr2/uros_ws/src/pid_control/install/pid_control/share/pid_control/launch
[1.084s] running install_egg_info
[1.086s] Copying build/pid_control/pid_control.egg-info to /home/mcr2/uros_ws/src/pid_control/install/pid_control/lib/python3.10/site-packages/pid_control-0.0.0-py3.10.egg-info
[1.086s] running install_scripts
[1.106s] Installing input script to /home/mcr2/uros_ws/src/pid_control/install/pid_control/lib/pid_control
[1.106s] writing list of installed files to '/home/mcr2/uros_ws/src/pid_control/build/pid_control/install.log'
[1.127s] Invoked command in '/home/mcr2/uros_ws/src/pid_control' returned '0': PYTHONPATH=/home/mcr2/uros_ws/src/pid_control/build/pid_control/prefix_override:/usr/lib/python3/dist-packages/colcon_core/task/python/colcon_distutils_commands:/home/mcr2/uros_ws/src/pid_control/install/pid_control/lib/python3.10/site-packages:${PYTHONPATH} /usr/bin/python3 -W ignore:setup.py install is deprecated -W ignore:easy_install command is deprecated setup.py egg_info --egg-base build/pid_control build --build-base /home/mcr2/uros_ws/src/pid_control/build/pid_control/build install --record /home/mcr2/uros_ws/src/pid_control/build/pid_control/install.log --single-version-externally-managed install_data
