running egg_info
writing build/pid_control/pid_control.egg-info/PKG-INFO
writing dependency_links to build/pid_control/pid_control.egg-info/dependency_links.txt
writing entry points to build/pid_control/pid_control.egg-info/entry_points.txt
writing requirements to build/pid_control/pid_control.egg-info/requires.txt
writing top-level names to build/pid_control/pid_control.egg-info/top_level.txt
reading manifest file 'build/pid_control/pid_control.egg-info/SOURCES.txt'
writing manifest file 'build/pid_control/pid_control.egg-info/SOURCES.txt'
running build
running build_py
copying pid_control/input.py -> /home/mcr2/uros_ws/src/pid_control/build/pid_control/build/lib/pid_control
running install
running install_lib
copying /home/mcr2/uros_ws/src/pid_control/build/pid_control/build/lib/pid_control/input.py -> /home/mcr2/uros_ws/src/pid_control/install/pid_control/lib/python3.10/site-packages/pid_control
byte-compiling /home/mcr2/uros_ws/src/pid_control/install/pid_control/lib/python3.10/site-packages/pid_control/input.py to input.cpython-310.pyc
running install_data
copying config/control_param.yaml -> /home/mcr2/uros_ws/src/pid_control/install/pid_control/share/pid_control/config
running install_egg_info
removing '/home/mcr2/uros_ws/src/pid_control/install/pid_control/lib/python3.10/site-packages/pid_control-0.0.0-py3.10.egg-info' (and everything under it)
Copying build/pid_control/pid_control.egg-info to /home/mcr2/uros_ws/src/pid_control/install/pid_control/lib/python3.10/site-packages/pid_control-0.0.0-py3.10.egg-info
running install_scripts
Installing input script to /home/mcr2/uros_ws/src/pid_control/install/pid_control/lib/pid_control
writing list of installed files to '/home/mcr2/uros_ws/src/pid_control/build/pid_control/install.log'
