[0.858s] Invoking command in '/home/mcr2/uros_ws/src/pid_control': PYTHONPATH=/home/mcr2/uros_ws/src/pid_control/build/pid_control/prefix_override:/usr/lib/python3/dist-packages/colcon_core/task/python/colcon_distutils_commands:/home/mcr2/uros_ws/src/pid_control/install/pid_control/lib/python3.10/site-packages:${PYTHONPATH} /usr/bin/python3 -W ignore:setup.py install is deprecated -W ignore:easy_install command is deprecated setup.py egg_info --egg-base build/pid_control build --build-base /home/mcr2/uros_ws/src/pid_control/build/pid_control/build install --record /home/mcr2/uros_ws/src/pid_control/build/pid_control/install.log --single-version-externally-managed install_data
[1.110s] running egg_info
[1.111s] writing build/pid_control/pid_control.egg-info/PKG-INFO
[1.113s] writing dependency_links to build/pid_control/pid_control.egg-info/dependency_links.txt
[1.113s] writing entry points to build/pid_control/pid_control.egg-info/entry_points.txt
[1.114s] writing requirements to build/pid_control/pid_control.egg-info/requires.txt
[1.114s] writing top-level names to build/pid_control/pid_control.egg-info/top_level.txt
[1.118s] reading manifest file 'build/pid_control/pid_control.egg-info/SOURCES.txt'
[1.119s] writing manifest file 'build/pid_control/pid_control.egg-info/SOURCES.txt'
[1.120s] running build
[1.120s] running build_py
[1.122s] copying pid_control/input.py -> /home/mcr2/uros_ws/src/pid_control/build/pid_control/build/lib/pid_control
[1.126s] running install
[1.127s] running install_lib
[1.129s] copying /home/mcr2/uros_ws/src/pid_control/build/pid_control/build/lib/pid_control/input.py -> /home/mcr2/uros_ws/src/pid_control/install/pid_control/lib/python3.10/site-packages/pid_control
[1.131s] byte-compiling /home/mcr2/uros_ws/src/pid_control/install/pid_control/lib/python3.10/site-packages/pid_control/input.py to input.cpython-310.pyc
[1.133s] running install_data
[1.134s] copying config/control_param.yaml -> /home/mcr2/uros_ws/src/pid_control/install/pid_control/share/pid_control/config
[1.134s] running install_egg_info
[1.137s] removing '/home/mcr2/uros_ws/src/pid_control/install/pid_control/lib/python3.10/site-packages/pid_control-0.0.0-py3.10.egg-info' (and everything under it)
[1.137s] Copying build/pid_control/pid_control.egg-info to /home/mcr2/uros_ws/src/pid_control/install/pid_control/lib/python3.10/site-packages/pid_control-0.0.0-py3.10.egg-info
[1.141s] running install_scripts
[1.167s] Installing input script to /home/mcr2/uros_ws/src/pid_control/install/pid_control/lib/pid_control
[1.167s] writing list of installed files to '/home/mcr2/uros_ws/src/pid_control/build/pid_control/install.log'
[1.193s] Invoked command in '/home/mcr2/uros_ws/src/pid_control' returned '0': PYTHONPATH=/home/mcr2/uros_ws/src/pid_control/build/pid_control/prefix_override:/usr/lib/python3/dist-packages/colcon_core/task/python/colcon_distutils_commands:/home/mcr2/uros_ws/src/pid_control/install/pid_control/lib/python3.10/site-packages:${PYTHONPATH} /usr/bin/python3 -W ignore:setup.py install is deprecated -W ignore:easy_install command is deprecated setup.py egg_info --egg-base build/pid_control build --build-base /home/mcr2/uros_ws/src/pid_control/build/pid_control/build install --record /home/mcr2/uros_ws/src/pid_control/build/pid_control/install.log --single-version-externally-managed install_data
